<?xml version="1.0" encoding="UTF-8"?>
<!-- Generated by org.testng.reporters.JUnitXMLReporter -->
<testsuite ignored="0" hostname="LAPTOP-C2DOLTO3" failures="0" tests="11" name="Default test" time="0.079" errors="0" timestamp="2022-09-07T22:40:56 IST">
  <testcase classname="StringCalculatorTest" name="checkNegative" time="0.009"/>
  <testcase classname="StringCalculatorTest" name="checkNegativeInCustomDelimiter" time="0.001"/>
  <testcase classname="StringCalculatorTest" name="customDelimiter" time="0.001"/>
  <testcase classname="StringCalculatorTest" name="emptyString" time="0.001"/>
  <testcase classname="StringCalculatorTest" name="greaterThan1000" time="0.001"/>
  <testcase classname="StringCalculatorTest" name="handleNewLines" time="0.0"/>
  <testcase classname="StringCalculatorTest" name="longLengthDelimiterWithBraces" time="0.001"/>
  <testcase classname="StringCalculatorTest" name="longLengthDelimiterWithoutBraces" time="0.001"/>
  <testcase classname="StringCalculatorTest" name="longLengthMultipleDelimiters" time="0.001"/>
  <testcase classname="StringCalculatorTest" name="multipleNumbers" time="0.001"/>
  <testcase classname="StringCalculatorTest" name="oneNumber" time="0.001"/>
</testsuite> <!-- Default test -->
