<?xml version="1.0" encoding="UTF-8"?>
<testng-results ignored="0" total="11" passed="11" failed="0" skipped="0">
  <reporter-output>
  </reporter-output>
  <suite started-at="2022-09-07T22:40:56 IST" name="Default suite" finished-at="2022-09-07T22:40:56 IST" duration-ms="79">
    <groups>
    </groups>
    <test started-at="2022-09-07T22:40:56 IST" name="Default test" finished-at="2022-09-07T22:40:56 IST" duration-ms="79">
      <class name="StringCalculatorTest">
        <test-method is-config="true" signature="setUp()[pri:0, instance:StringCalculatorTest@77eca502]" started-at="2022-09-07T22:40:56 IST" name="setUp" finished-at="2022-09-07T22:40:56 IST" duration-ms="7" status="PASS">
          <reporter-output>
          </reporter-output>
        </test-method> <!-- setUp -->
        <test-method signature="checkNegative()[pri:0, instance:StringCalculatorTest@77eca502]" started-at="2022-09-07T22:40:56 IST" name="checkNegative" finished-at="2022-09-07T22:40:56 IST" duration-ms="9" status="PASS">
          <reporter-output>
          </reporter-output>
        </test-method> <!-- checkNegative -->
        <test-method is-config="true" signature="tearDown()[pri:0, instance:StringCalculatorTest@77eca502]" started-at="2022-09-07T22:40:56 IST" name="tearDown" finished-at="2022-09-07T22:40:56 IST" duration-ms="1" status="PASS">
          <reporter-output>
          </reporter-output>
        </test-method> <!-- tearDown -->
        <test-method is-config="true" signature="setUp()[pri:0, instance:StringCalculatorTest@77eca502]" started-at="2022-09-07T22:40:56 IST" name="setUp" finished-at="2022-09-07T22:40:56 IST" duration-ms="1" status="PASS">
          <reporter-output>
          </reporter-output>
        </test-method> <!-- setUp -->
        <test-method signature="checkNegativeInCustomDelimiter()[pri:0, instance:StringCalculatorTest@77eca502]" started-at="2022-09-07T22:40:56 IST" name="checkNegativeInCustomDelimiter" finished-at="2022-09-07T22:40:56 IST" duration-ms="1" status="PASS">
          <reporter-output>
          </reporter-output>
        </test-method> <!-- checkNegativeInCustomDelimiter -->
        <test-method is-config="true" signature="tearDown()[pri:0, instance:StringCalculatorTest@77eca502]" started-at="2022-09-07T22:40:56 IST" name="tearDown" finished-at="2022-09-07T22:40:56 IST" duration-ms="1" status="PASS">
          <reporter-output>
          </reporter-output>
        </test-method> <!-- tearDown -->
        <test-method is-config="true" signature="setUp()[pri:0, instance:StringCalculatorTest@77eca502]" started-at="2022-09-07T22:40:56 IST" name="setUp" finished-at="2022-09-07T22:40:56 IST" duration-ms="0" status="PASS">
          <reporter-output>
          </reporter-output>
        </test-method> <!-- setUp -->
        <test-method signature="customDelimiter()[pri:0, instance:StringCalculatorTest@77eca502]" started-at="2022-09-07T22:40:56 IST" name="customDelimiter" finished-at="2022-09-07T22:40:56 IST" duration-ms="1" status="PASS">
          <reporter-output>
          </reporter-output>
        </test-method> <!-- customDelimiter -->
        <test-method is-config="true" signature="setUp()[pri:0, instance:StringCalculatorTest@77eca502]" started-at="2022-09-07T22:40:56 IST" name="setUp" finished-at="2022-09-07T22:40:56 IST" duration-ms="1" status="PASS">
          <reporter-output>
          </reporter-output>
        </test-method> <!-- setUp -->
        <test-method is-config="true" signature="tearDown()[pri:0, instance:StringCalculatorTest@77eca502]" started-at="2022-09-07T22:40:56 IST" name="tearDown" finished-at="2022-09-07T22:40:56 IST" duration-ms="0" status="PASS">
          <reporter-output>
          </reporter-output>
        </test-method> <!-- tearDown -->
        <test-method signature="emptyString()[pri:0, instance:StringCalculatorTest@77eca502]" started-at="2022-09-07T22:40:56 IST" name="emptyString" finished-at="2022-09-07T22:40:56 IST" duration-ms="1" status="PASS">
          <reporter-output>
          </reporter-output>
        </test-method> <!-- emptyString -->
        <test-method is-config="true" signature="tearDown()[pri:0, instance:StringCalculatorTest@77eca502]" started-at="2022-09-07T22:40:56 IST" name="tearDown" finished-at="2022-09-07T22:40:56 IST" duration-ms="0" status="PASS">
          <reporter-output>
          </reporter-output>
        </test-method> <!-- tearDown -->
        <test-method signature="greaterThan1000()[pri:0, instance:StringCalculatorTest@77eca502]" started-at="2022-09-07T22:40:56 IST" name="greaterThan1000" finished-at="2022-09-07T22:40:56 IST" duration-ms="1" status="PASS">
          <reporter-output>
          </reporter-output>
        </test-method> <!-- greaterThan1000 -->
        <test-method is-config="true" signature="setUp()[pri:0, instance:StringCalculatorTest@77eca502]" started-at="2022-09-07T22:40:56 IST" name="setUp" finished-at="2022-09-07T22:40:56 IST" duration-ms="0" status="PASS">
          <reporter-output>
          </reporter-output>
        </test-method> <!-- setUp -->
        <test-method is-config="true" signature="tearDown()[pri:0, instance:StringCalculatorTest@77eca502]" started-at="2022-09-07T22:40:56 IST" name="tearDown" finished-at="2022-09-07T22:40:56 IST" duration-ms="0" status="PASS">
          <reporter-output>
          </reporter-output>
        </test-method> <!-- tearDown -->
        <test-method signature="handleNewLines()[pri:0, instance:StringCalculatorTest@77eca502]" started-at="2022-09-07T22:40:56 IST" name="handleNewLines" finished-at="2022-09-07T22:40:56 IST" duration-ms="0" status="PASS">
          <reporter-output>
          </reporter-output>
        </test-method> <!-- handleNewLines -->
        <test-method is-config="true" signature="setUp()[pri:0, instance:StringCalculatorTest@77eca502]" started-at="2022-09-07T22:40:56 IST" name="setUp" finished-at="2022-09-07T22:40:56 IST" duration-ms="0" status="PASS">
          <reporter-output>
          </reporter-output>
        </test-method> <!-- setUp -->
        <test-method is-config="true" signature="tearDown()[pri:0, instance:StringCalculatorTest@77eca502]" started-at="2022-09-07T22:40:56 IST" name="tearDown" finished-at="2022-09-07T22:40:56 IST" duration-ms="0" status="PASS">
          <reporter-output>
          </reporter-output>
        </test-method> <!-- tearDown -->
        <test-method signature="longLengthDelimiterWithBraces()[pri:0, instance:StringCalculatorTest@77eca502]" started-at="2022-09-07T22:40:56 IST" name="longLengthDelimiterWithBraces" finished-at="2022-09-07T22:40:56 IST" duration-ms="1" status="PASS">
          <reporter-output>
          </reporter-output>
        </test-method> <!-- longLengthDelimiterWithBraces -->
        <test-method is-config="true" signature="setUp()[pri:0, instance:StringCalculatorTest@77eca502]" started-at="2022-09-07T22:40:56 IST" name="setUp" finished-at="2022-09-07T22:40:56 IST" duration-ms="0" status="PASS">
          <reporter-output>
          </reporter-output>
        </test-method> <!-- setUp -->
        <test-method is-config="true" signature="tearDown()[pri:0, instance:StringCalculatorTest@77eca502]" started-at="2022-09-07T22:40:56 IST" name="tearDown" finished-at="2022-09-07T22:40:56 IST" duration-ms="0" status="PASS">
          <reporter-output>
          </reporter-output>
        </test-method> <!-- tearDown -->
        <test-method signature="longLengthDelimiterWithoutBraces()[pri:0, instance:StringCalculatorTest@77eca502]" started-at="2022-09-07T22:40:56 IST" name="longLengthDelimiterWithoutBraces" finished-at="2022-09-07T22:40:56 IST" duration-ms="1" status="PASS">
          <reporter-output>
          </reporter-output>
        </test-method> <!-- longLengthDelimiterWithoutBraces -->
        <test-method is-config="true" signature="setUp()[pri:0, instance:StringCalculatorTest@77eca502]" started-at="2022-09-07T22:40:56 IST" name="setUp" finished-at="2022-09-07T22:40:56 IST" duration-ms="0" status="PASS">
          <reporter-output>
          </reporter-output>
        </test-method> <!-- setUp -->
        <test-method is-config="true" signature="tearDown()[pri:0, instance:StringCalculatorTest@77eca502]" started-at="2022-09-07T22:40:56 IST" name="tearDown" finished-at="2022-09-07T22:40:56 IST" duration-ms="1" status="PASS">
          <reporter-output>
          </reporter-output>
        </test-method> <!-- tearDown -->
        <test-method is-config="true" signature="setUp()[pri:0, instance:StringCalculatorTest@77eca502]" started-at="2022-09-07T22:40:56 IST" name="setUp" finished-at="2022-09-07T22:40:56 IST" duration-ms="0" status="PASS">
          <reporter-output>
          </reporter-output>
        </test-method> <!-- setUp -->
        <test-method signature="longLengthMultipleDelimiters()[pri:0, instance:StringCalculatorTest@77eca502]" started-at="2022-09-07T22:40:56 IST" name="longLengthMultipleDelimiters" finished-at="2022-09-07T22:40:56 IST" duration-ms="1" status="PASS">
          <reporter-output>
          </reporter-output>
        </test-method> <!-- longLengthMultipleDelimiters -->
        <test-method is-config="true" signature="tearDown()[pri:0, instance:StringCalculatorTest@77eca502]" started-at="2022-09-07T22:40:56 IST" name="tearDown" finished-at="2022-09-07T22:40:56 IST" duration-ms="0" status="PASS">
          <reporter-output>
          </reporter-output>
        </test-method> <!-- tearDown -->
        <test-method is-config="true" signature="setUp()[pri:0, instance:StringCalculatorTest@77eca502]" started-at="2022-09-07T22:40:56 IST" name="setUp" finished-at="2022-09-07T22:40:56 IST" duration-ms="0" status="PASS">
          <reporter-output>
          </reporter-output>
        </test-method> <!-- setUp -->
        <test-method signature="multipleNumbers()[pri:0, instance:StringCalculatorTest@77eca502]" started-at="2022-09-07T22:40:56 IST" name="multipleNumbers" finished-at="2022-09-07T22:40:56 IST" duration-ms="1" status="PASS">
          <reporter-output>
          </reporter-output>
        </test-method> <!-- multipleNumbers -->
        <test-method is-config="true" signature="tearDown()[pri:0, instance:StringCalculatorTest@77eca502]" started-at="2022-09-07T22:40:56 IST" name="tearDown" finished-at="2022-09-07T22:40:56 IST" duration-ms="1" status="PASS">
          <reporter-output>
          </reporter-output>
        </test-method> <!-- tearDown -->
        <test-method signature="oneNumber()[pri:0, instance:StringCalculatorTest@77eca502]" started-at="2022-09-07T22:40:56 IST" name="oneNumber" finished-at="2022-09-07T22:40:56 IST" duration-ms="1" status="PASS">
          <reporter-output>
          </reporter-output>
        </test-method> <!-- oneNumber -->
        <test-method is-config="true" signature="setUp()[pri:0, instance:StringCalculatorTest@77eca502]" started-at="2022-09-07T22:40:56 IST" name="setUp" finished-at="2022-09-07T22:40:56 IST" duration-ms="0" status="PASS">
          <reporter-output>
          </reporter-output>
        </test-method> <!-- setUp -->
        <test-method is-config="true" signature="tearDown()[pri:0, instance:StringCalculatorTest@77eca502]" started-at="2022-09-07T22:40:56 IST" name="tearDown" finished-at="2022-09-07T22:40:56 IST" duration-ms="0" status="PASS">
          <reporter-output>
          </reporter-output>
        </test-method> <!-- tearDown -->
      </class> <!-- StringCalculatorTest -->
    </test> <!-- Default test -->
  </suite> <!-- Default suite -->
</testng-results>
